7 Degree Half Angle Venturi Tube or Nozzle Differential Flow Meter - 15 (DFM R3 - 12)
WARNING, Enthalpy lower than low enthalpy limit when interpolating from two-phase tables., 0.003, 0.004, 0.005, 0.006, 0.007, 0.008, 0.009, 0.01, 0.011, 0.012, ...
WARNING, Entropy lower than low entropy limit when interpolating from two-phase tables., 0.003, 0.004, 0.005, 0.006, 0.009, 0.011, 0.012, 0.013, 0.014
WARNING, Pressure lower than low pressure limit when interpolating from two-phase tables., 0.003, 0.004, 0.005, 0.011, 0.012, 0.013, 0.014
WARNING, The critical mass flux could not be calculated because the total pressure is close to or smaller than the minimum value in the two-phase table. It might be that the triple point limit is surpassed. The user is advised to evaluate the solution., 0.004, 0.005, 0.006, 0.007, 0.008, 0.009, 0.01, 0.011, 0.012, 0.013, ...
ERROR, Two phase temperature became undefined - check problem specification, 0.014
Ansi Control Valve - 3
WARNING, Enthalpy lower than low enthalpy limit when interpolating from two-phase tables., 0.003, 0.004, 0.005, 0.006, 0.007, 0.008, 0.009, 0.01, 0.011, 0.012, ...
WARNING, Entropy lower than low entropy limit when interpolating from two-phase tables., 0.003, 0.004, 0.005, 0.006, 0.007, 0.008, 0.009, 0.01, 0.012, 0.013, ...
WARNING, Pressure lower than low pressure limit when interpolating from two-phase tables., 0.003, 0.004, 0.005, 0.006, 0.007, 0.008, 0.009, 0.01, 0.012, 0.013, ...
Node - 11
WARNING, Calculated pressure lower than the lowest pressure in two-phase fluid tables. The pressure was fixed at the lowest pressure., 0.003, 0.004, 0.005, 0.006, 0.007, 0.008, 0.009, 0.01, 0.012, 0.013, ...
WARNING, Enthalpy lower than low enthalpy limit when interpolating from two-phase tables., 0.003, 0.004, 0.005, 0.006, 0.007, 0.008, 0.009, 0.01, 0.011, 0.012, ...
WARNING, Pressure lower than low pressure limit when interpolating from two-phase tables., 0.003, 0.004, 0.005, 0.006, 0.007, 0.008, 0.009, 0.01, 0.012, 0.013
Node - 16
WARNING, Calculated pressure lower than the lowest pressure in two-phase fluid tables. The pressure was fixed at the lowest pressure., 0.003, 0.005, 0.012, 0.013, 0.014
WARNING, Enthalpy lower than low enthalpy limit when interpolating from two-phase tables., 0.003, 0.004, 0.005, 0.006, 0.007, 0.008, 0.009, 0.01, 0.011, 0.012, ...
WARNING, Pressure lower than low pressure limit when interpolating from two-phase tables., 0.003, 0.005, 0.012, 0.013
Node - 18
WARNING, Calculated pressure lower than the lowest pressure in two-phase fluid tables. The pressure was fixed at the lowest pressure., 0.004, 0.011, 0.012, 0.013
WARNING, Enthalpy lower than low enthalpy limit when interpolating from two-phase tables., 0.004, 0.006, 0.007, 0.008, 0.009, 0.01, 0.011, 0.012, 0.013
WARNING, Pressure lower than low pressure limit when interpolating from two-phase tables., 0.004, 0.011, 0.012, 0.013
WARNING, The calculated temperature was lower than the low temperature limit as specified in the solver settings. Flownex capped the temperature at the low limit, 0.014
Node - 20
WARNING, A positive mass source exists at this node, however neither the flow source/reference condition nor the temperature of the node itself is specified. Consequently, the ambient conditions were used to calculate the source enthalpy., 0.005, 0.006
WARNING, The calculated temperature was lower than the low temperature limit as specified in the solver settings. Flownex capped the temperature at the low limit, 0.014
Pipe - 1
WARNING, Reynolds number > 2300 and < 5000. The solution uses a friction factor that is determined from the interpolation scheme between the laminar and turbulent regions., Activate, 0.001, 0.002, 0.003, 0.005, 0.006, 0.011, 0.012
Pipe - 10
WARNING, Enthalpy lower than low enthalpy limit when interpolating from two-phase tables., 0.003, 0.004, 0.005, 0.006, 0.007, 0.008, 0.009, 0.01, 0.011, 0.012, ...
WARNING, Entropy lower than low entropy limit when interpolating from two-phase tables., 0.003, 0.004, 0.005, 0.006, 0.007, 0.008, 0.009, 0.01, 0.011, 0.012, ...
WARNING, Pressure lower than low pressure limit when interpolating from two-phase tables., 0.003, 0.004, 0.005, 0.006, 0.007, 0.008, 0.009, 0.01, 0.011, 0.012, ...
WARNING, Reynolds number > 2300 and < 5000. The solution uses a friction factor that is determined from the interpolation scheme between the laminar and turbulent regions., Activate, 0.001, 0.002, 0.003, 0.011, 0.012, 0.013, 0.014
WARNING, The critical mass flux could not be calculated because the total pressure is close to or smaller than the minimum value in the two-phase table. It might be that the triple point limit is surpassed. The user is advised to evaluate the solution., 0.003, 0.004, 0.005, 0.006, 0.007, 0.008, 0.009, 0.01, 0.011, 0.012, ...
WARNING, Two-phase friction factors are calculated by applying correction factors to equivalent single phase flow conditions. The calculated single phase friction factor is between fully laminar and fully turbulent flow (Reynolds number > 2300 and < 5000), and was therefore linearly interpolated between the two flow regions., 0.003, 0.004
Pipe - 17
WARNING, Enthalpy lower than low enthalpy limit when interpolating from two-phase tables., 0.004, 0.005, 0.006, 0.007, 0.008, 0.009, 0.01, 0.011, 0.012, 0.013, ...
WARNING, Entropy lower than low entropy limit when interpolating from two-phase tables., 0.004, 0.005, 0.009, 0.01, 0.011, 0.012, 0.013, 0.014
WARNING, Pressure lower than low pressure limit when interpolating from two-phase tables., 0.004, 0.005, 0.011, 0.012, 0.013, 0.014
WARNING, Reynolds number > 2300 and < 5000. The solution uses a friction factor that is determined from the interpolation scheme between the laminar and turbulent regions., Activate, 0.001, 0.002, 0.003, 0.005, 0.006, 0.007, 0.008, 0.009
WARNING, The critical mass flux could not be calculated because the total pressure is close to or smaller than the minimum value in the two-phase table. It might be that the triple point limit is surpassed. The user is advised to evaluate the solution., 0.009, 0.01, 0.011, 0.012, 0.013, 0.014
WARNING, Two-phase friction factors are calculated by applying correction factors to equivalent single phase flow conditions. The calculated single phase friction factor is between fully laminar and fully turbulent flow (Reynolds number > 2300 and < 5000), and was therefore linearly interpolated between the two flow regions., 0.01, 0.011
